<?xml version="1.0" encoding="UTF-8"?>
<!-- Generated by org.testng.reporters.JUnitReportReporter -->
<testsuite hostname="DESKTOP-O7EBPNU" failures="0" tests="4" name="testscriptSwag.TestSwagDemo" time="5.507" errors="0" timestamp="2023-10-19T06:34:47 PDT" skipped="0">
  <testcase classname="testscriptSwag.TestSwagDemo" name="testLogin" time="2.339"/>
  <system-out/>
  <testcase classname="testscriptSwag.TestSwagDemo" name="testClickAddCart" time="0.611"/>
  <system-out/>
  <testcase classname="testscriptSwag.TestSwagDemo" name="testCheckOutAndFinish" time="2.132"/>
  <system-out/>
  <testcase classname="testscriptSwag.TestSwagDemo" name="testThankYouMsg" time="0.425"/>
  <system-out/>
</testsuite> <!-- testscriptSwag.TestSwagDemo -->
