<?xml version="1.0" encoding="UTF-8"?>
<!-- Generated by org.testng.reporters.JUnitReportReporter -->
<testsuite hostname="DESKTOP-O7EBPNU" failures="0" tests="2" name="javascript.Example1" time="49.249" errors="0" timestamp="2023-10-12T17:16:23 PDT" skipped="0">
  <testcase classname="javascript.Example1" name="testCase1" time="27.671"/>
  <testcase classname="javascript.Example1" name="testCase2" time="21.578"/>
</testsuite> <!-- javascript.Example1 -->
