<?xml version="1.0" encoding="UTF-8"?>
<!-- Generated by org.testng.reporters.JUnitReportReporter -->
<testsuite hostname="DESKTOP-O7EBPNU" failures="0" tests="4" name="testscripts.TestSwagDemo" time="4.211" errors="0" timestamp="2023-10-16T06:34:05 PDT" skipped="0">
  <testcase classname="testscripts.TestSwagDemo" name="testLogin" time="1.614"/>
  <testcase classname="testscripts.TestSwagDemo" name="testClickAddCart" time="0.408"/>
  <testcase classname="testscripts.TestSwagDemo" name="testCheckOutAndFinish" time="1.833"/>
  <testcase classname="testscripts.TestSwagDemo" name="testThankYouMsg" time="0.356"/>
</testsuite> <!-- testscripts.TestSwagDemo -->
