<?xml version="1.0" encoding="UTF-8"?>
<!-- Generated by org.testng.reporters.JUnitReportReporter -->
<testsuite hostname="DESKTOP-O7EBPNU" failures="0" tests="2" name="excelTestCases.ActitimeLogin" time="225.953" errors="1" timestamp="2023-10-11T13:38:37 PDT" skipped="0">
  <testcase classname="excelTestCases.ActitimeLogin" name="cleanUp1" time="169.558">
    <error message="Cannot invoke &quot;org.apache.poi.ss.usermodel.Workbook.getSheet(String)&quot; because &quot;utilities.ExcelUtility.workbook&quot; is null" type="java.lang.NullPointerException">
      <![CDATA[java.lang.NullPointerException: Cannot invoke "org.apache.poi.ss.usermodel.Workbook.getSheet(String)" because "utilities.ExcelUtility.workbook" is null
at utilities.ExcelUtility.updateExcelContent(ExcelUtility.java:59)
at excelTestCases.ActitimeLogin.cleanUp1(ActitimeLogin.java:37)
at excelTestCases.ActitimeLogin.cleanUp1(ActitimeLogin.java:43)
at excelTestCases.ActitimeLogin.cleanUp1(ActitimeLogin.java:43)
at excelTestCases.ActitimeLogin.cleanUp1(ActitimeLogin.java:43)
at excelTestCases.ActitimeLogin.cleanUp1(ActitimeLogin.java:43)
at excelTestCases.ActitimeLogin.cleanUp1(ActitimeLogin.java:43)
at excelTestCases.ActitimeLogin.cleanUp1(ActitimeLogin.java:43)
at excelTestCases.ActitimeLogin.cleanUp1(ActitimeLogin.java:43)
at excelTestCases.ActitimeLogin.cleanUp1(ActitimeLogin.java:43)
at excelTestCases.ActitimeLogin.cleanUp1(ActitimeLogin.java:43)
at excelTestCases.ActitimeLogin.cleanUp1(ActitimeLogin.java:43)
at excelTestCases.ActitimeLogin.cleanUp1(ActitimeLogin.java:43)
at excelTestCases.ActitimeLogin.cleanUp1(ActitimeLogin.java:43)
at excelTestCases.ActitimeLogin.cleanUp1(ActitimeLogin.java:43)
at excelTestCases.ActitimeLogin.cleanUp1(ActitimeLogin.java:43)
at excelTestCases.ActitimeLogin.cleanUp1(ActitimeLogin.java:43)
at excelTestCases.ActitimeLogin.cleanUp1(ActitimeLogin.java:43)
at excelTestCases.ActitimeLogin.cleanUp1(ActitimeLogin.java:43)
at excelTestCases.ActitimeLogin.cleanUp1(ActitimeLogin.java:43)
at excelTestCases.ActitimeLogin.cleanUp1(ActitimeLogin.java:43)
at excelTestCases.ActitimeLogin.cleanUp1(ActitimeLogin.java:43)
at excelTestCases.ActitimeLogin.cleanUp1(ActitimeLogin.java:43)
at excelTestCases.ActitimeLogin.cleanUp1(ActitimeLogin.java:43)
at excelTestCases.ActitimeLogin.cleanUp1(ActitimeLogin.java:43)
at excelTestCases.ActitimeLogin.cleanUp1(ActitimeLogin.java:43)
at excelTestCases.ActitimeLogin.cleanUp1(ActitimeLogin.java:43)
at excelTestCases.ActitimeLogin.cleanUp1(ActitimeLogin.java:43)
at excelTestCases.ActitimeLogin.cleanUp1(ActitimeLogin.java:43)
at excelTestCases.ActitimeLogin.cleanUp1(ActitimeLogin.java:43)
at excelTestCases.ActitimeLogin.cleanUp1(ActitimeLogin.java:43)
at excelTestCases.ActitimeLogin.cleanUp1(ActitimeLogin.java:43)
at excelTestCases.ActitimeLogin.cleanUp1(ActitimeLogin.java:43)
at excelTestCases.ActitimeLogin.cleanUp1(ActitimeLogin.java:43)
at excelTestCases.ActitimeLogin.cleanUp1(ActitimeLogin.java:43)
at excelTestCases.ActitimeLogin.cleanUp1(ActitimeLogin.java:43)
at excelTestCases.ActitimeLogin.cleanUp1(ActitimeLogin.java:43)
at excelTestCases.ActitimeLogin.cleanUp1(ActitimeLogin.java:43)
at excelTestCases.ActitimeLogin.cleanUp1(ActitimeLogin.java:43)
at excelTestCases.ActitimeLogin.cleanUp1(ActitimeLogin.java:43)
at excelTestCases.ActitimeLogin.cleanUp1(ActitimeLogin.java:43)
at excelTestCases.ActitimeLogin.cleanUp1(ActitimeLogin.java:43)
at excelTestCases.ActitimeLogin.cleanUp1(ActitimeLogin.java:43)
at excelTestCases.ActitimeLogin.cleanUp1(ActitimeLogin.java:43)
at excelTestCases.ActitimeLogin.cleanUp1(ActitimeLogin.java:43)
at excelTestCases.ActitimeLogin.cleanUp1(ActitimeLogin.java:43)
at excelTestCases.ActitimeLogin.cleanUp1(ActitimeLogin.java:43)
at excelTestCases.ActitimeLogin.cleanUp1(ActitimeLogin.java:43)
at excelTestCases.ActitimeLogin.cleanUp1(ActitimeLogin.java:43)
at excelTestCases.ActitimeLogin.cleanUp1(ActitimeLogin.java:43)
at excelTestCases.ActitimeLogin.cleanUp1(ActitimeLogin.java:43)
at excelTestCases.ActitimeLogin.cleanUp1(ActitimeLogin.java:43)
at excelTestCases.ActitimeLogin.cleanUp1(ActitimeLogin.java:43)
at excelTestCases.ActitimeLogin.cleanUp1(ActitimeLogin.java:43)
at excelTestCases.ActitimeLogin.cleanUp1(ActitimeLogin.java:43)
at excelTestCases.ActitimeLogin.cleanUp1(ActitimeLogin.java:43)
at excelTestCases.ActitimeLogin.cleanUp1(ActitimeLogin.java:43)
at excelTestCases.ActitimeLogin.cleanUp1(ActitimeLogin.java:43)
at excelTestCases.ActitimeLogin.cleanUp1(ActitimeLogin.java:43)
at excelTestCases.ActitimeLogin.cleanUp1(ActitimeLogin.java:43)
at excelTestCases.ActitimeLogin.cleanUp1(ActitimeLogin.java:43)
at excelTestCases.ActitimeLogin.cleanUp1(ActitimeLogin.java:43)
at excelTestCases.ActitimeLogin.cleanUp1(ActitimeLogin.java:43)
at excelTestCases.ActitimeLogin.cleanUp1(ActitimeLogin.java:43)
at excelTestCases.ActitimeLogin.cleanUp1(ActitimeLogin.java:43)
at excelTestCases.ActitimeLogin.cleanUp1(ActitimeLogin.java:43)
at excelTestCases.ActitimeLogin.cleanUp1(ActitimeLogin.java:43)
at excelTestCases.ActitimeLogin.cleanUp1(ActitimeLogin.java:43)
at excelTestCases.ActitimeLogin.cleanUp1(ActitimeLogin.java:43)
at excelTestCases.ActitimeLogin.cleanUp1(ActitimeLogin.java:43)
at excelTestCases.ActitimeLogin.cleanUp1(ActitimeLogin.java:43)
at excelTestCases.ActitimeLogin.cleanUp1(ActitimeLogin.java:43)
at excelTestCases.ActitimeLogin.cleanUp1(ActitimeLogin.java:43)
at excelTestCases.ActitimeLogin.cleanUp1(ActitimeLogin.java:43)
at excelTestCases.ActitimeLogin.cleanUp1(ActitimeLogin.java:43)
at excelTestCases.ActitimeLogin.cleanUp1(ActitimeLogin.java:43)
at excelTestCases.ActitimeLogin.cleanUp1(ActitimeLogin.java:43)
at excelTestCases.ActitimeLogin.cleanUp1(ActitimeLogin.java:43)
at excelTestCases.ActitimeLogin.cleanUp1(ActitimeLogin.java:43)
at excelTestCases.ActitimeLogin.cleanUp1(ActitimeLogin.java:43)
at excelTestCases.ActitimeLogin.cleanUp1(ActitimeLogin.java:43)
at excelTestCases.ActitimeLogin.cleanUp1(ActitimeLogin.java:43)
at excelTestCases.ActitimeLogin.cleanUp1(ActitimeLogin.java:43)
at excelTestCases.ActitimeLogin.cleanUp1(ActitimeLogin.java:43)
at excelTestCases.ActitimeLogin.cleanUp1(ActitimeLogin.java:43)
at excelTestCases.ActitimeLogin.cleanUp1(ActitimeLogin.java:43)
at excelTestCases.ActitimeLogin.cleanUp1(ActitimeLogin.java:43)
at excelTestCases.ActitimeLogin.cleanUp1(ActitimeLogin.java:43)
at excelTestCases.ActitimeLogin.cleanUp1(ActitimeLogin.java:43)
at excelTestCases.ActitimeLogin.cleanUp1(ActitimeLogin.java:43)
at excelTestCases.ActitimeLogin.cleanUp1(ActitimeLogin.java:43)
at excelTestCases.ActitimeLogin.cleanUp1(ActitimeLogin.java:43)
at excelTestCases.ActitimeLogin.cleanUp1(ActitimeLogin.java:43)
at excelTestCases.ActitimeLogin.cleanUp1(ActitimeLogin.java:43)
at excelTestCases.ActitimeLogin.cleanUp1(ActitimeLogin.java:43)
at excelTestCases.ActitimeLogin.cleanUp1(ActitimeLogin.java:43)
at excelTestCases.ActitimeLogin.cleanUp1(ActitimeLogin.java:43)
at excelTestCases.ActitimeLogin.cleanUp1(ActitimeLogin.java:43)
at excelTestCases.ActitimeLogin.cleanUp1(ActitimeLogin.java:43)
at excelTestCases.ActitimeLogin.cleanUp1(ActitimeLogin.java:43)
at excelTestCases.ActitimeLogin.cleanUp1(ActitimeLogin.java:43)
at excelTestCases.ActitimeLogin.cleanUp1(ActitimeLogin.java:43)
at excelTestCases.ActitimeLogin.cleanUp1(ActitimeLogin.java:43)
at excelTestCases.ActitimeLogin.cleanUp1(ActitimeLogin.java:43)
at excelTestCases.ActitimeLogin.cleanUp1(ActitimeLogin.java:43)
at excelTestCases.ActitimeLogin.cleanUp1(ActitimeLogin.java:43)
at excelTestCases.ActitimeLogin.cleanUp1(ActitimeLogin.java:43)
at excelTestCases.ActitimeLogin.cleanUp1(ActitimeLogin.java:43)
at excelTestCases.ActitimeLogin.cleanUp1(ActitimeLogin.java:43)
at excelTestCases.ActitimeLogin.cleanUp1(ActitimeLogin.java:43)
at excelTestCases.ActitimeLogin.cleanUp1(ActitimeLogin.java:43)
at excelTestCases.ActitimeLogin.cleanUp1(ActitimeLogin.java:43)
at excelTestCases.ActitimeLogin.cleanUp1(ActitimeLogin.java:43)
at excelTestCases.ActitimeLogin.cleanUp1(ActitimeLogin.java:43)
at excelTestCases.ActitimeLogin.cleanUp1(ActitimeLogin.java:43)
at excelTestCases.ActitimeLogin.cleanUp1(ActitimeLogin.java:43)
at excelTestCases.ActitimeLogin.cleanUp1(ActitimeLogin.java:43)
at excelTestCases.ActitimeLogin.cleanUp1(ActitimeLogin.java:43)
at excelTestCases.ActitimeLogin.cleanUp1(ActitimeLogin.java:43)
at excelTestCases.ActitimeLogin.cleanUp1(ActitimeLogin.java:43)
at excelTestCases.ActitimeLogin.cleanUp1(ActitimeLogin.java:43)
at excelTestCases.ActitimeLogin.cleanUp1(ActitimeLogin.java:43)
at excelTestCases.ActitimeLogin.cleanUp1(ActitimeLogin.java:43)
at excelTestCases.ActitimeLogin.cleanUp1(ActitimeLogin.java:43)
at excelTestCases.ActitimeLogin.cleanUp1(ActitimeLogin.java:43)
at excelTestCases.ActitimeLogin.cleanUp1(ActitimeLogin.java:43)
at excelTestCases.ActitimeLogin.cleanUp1(ActitimeLogin.java:43)
at excelTestCases.ActitimeLogin.cleanUp1(ActitimeLogin.java:43)
at excelTestCases.ActitimeLogin.cleanUp1(ActitimeLogin.java:43)
at excelTestCases.ActitimeLogin.cleanUp1(ActitimeLogin.java:43)
at excelTestCases.ActitimeLogin.cleanUp1(ActitimeLogin.java:43)
at excelTestCases.ActitimeLogin.cleanUp1(ActitimeLogin.java:43)
at excelTestCases.ActitimeLogin.cleanUp1(ActitimeLogin.java:43)
at excelTestCases.ActitimeLogin.cleanUp1(ActitimeLogin.java:43)
at excelTestCases.ActitimeLogin.cleanUp1(ActitimeLogin.java:43)
at excelTestCases.ActitimeLogin.cleanUp1(ActitimeLogin.java:43)
at excelTestCases.ActitimeLogin.cleanUp1(ActitimeLogin.java:43)
at excelTestCases.ActitimeLogin.cleanUp1(ActitimeLogin.java:43)
at excelTestCases.ActitimeLogin.cleanUp1(ActitimeLogin.java:43)
at excelTestCases.ActitimeLogin.cleanUp1(ActitimeLogin.java:43)
at excelTestCases.ActitimeLogin.cleanUp1(ActitimeLogin.java:43)
at excelTestCases.ActitimeLogin.cleanUp1(ActitimeLogin.java:43)
at excelTestCases.ActitimeLogin.cleanUp1(ActitimeLogin.java:43)
at excelTestCases.ActitimeLogin.cleanUp1(ActitimeLogin.java:43)
at excelTestCases.ActitimeLogin.cleanUp1(ActitimeLogin.java:43)
at excelTestCases.ActitimeLogin.cleanUp1(ActitimeLogin.java:43)
at excelTestCases.ActitimeLogin.cleanUp1(ActitimeLogin.java:43)
at excelTestCases.ActitimeLogin.cleanUp1(ActitimeLogin.java:43)
at excelTestCases.ActitimeLogin.cleanUp1(ActitimeLogin.java:43)
at excelTestCases.ActitimeLogin.cleanUp1(ActitimeLogin.java:43)
at excelTestCases.ActitimeLogin.cleanUp1(ActitimeLogin.java:43)
at excelTestCases.ActitimeLogin.cleanUp1(ActitimeLogin.java:43)
at excelTestCases.ActitimeLogin.cleanUp1(ActitimeLogin.java:43)
at excelTestCases.ActitimeLogin.cleanUp1(ActitimeLogin.java:43)
at excelTestCases.ActitimeLogin.cleanUp1(ActitimeLogin.java:43)
at excelTestCases.ActitimeLogin.cleanUp1(ActitimeLogin.java:43)
at excelTestCases.ActitimeLogin.cleanUp1(ActitimeLogin.java:43)
at excelTestCases.ActitimeLogin.cleanUp1(ActitimeLogin.java:43)
at excelTestCases.ActitimeLogin.cleanUp1(ActitimeLogin.java:43)
at excelTestCases.ActitimeLogin.cleanUp1(ActitimeLogin.java:43)
at excelTestCases.ActitimeLogin.cleanUp1(ActitimeLogin.java:43)
at excelTestCases.ActitimeLogin.cleanUp1(ActitimeLogin.java:43)
at excelTestCases.ActitimeLogin.cleanUp1(ActitimeLogin.java:43)
at excelTestCases.ActitimeLogin.cleanUp1(ActitimeLogin.java:43)
at excelTestCases.ActitimeLogin.cleanUp1(ActitimeLogin.java:43)
at excelTestCases.ActitimeLogin.cleanUp1(ActitimeLogin.java:43)
at excelTestCases.ActitimeLogin.cleanUp1(ActitimeLogin.java:43)
at excelTestCases.ActitimeLogin.cleanUp1(ActitimeLogin.java:43)
at excelTestCases.ActitimeLogin.cleanUp1(ActitimeLogin.java:43)
at excelTestCases.ActitimeLogin.cleanUp1(ActitimeLogin.java:43)
at excelTestCases.ActitimeLogin.cleanUp1(ActitimeLogin.java:43)
at excelTestCases.ActitimeLogin.cleanUp1(ActitimeLogin.java:43)
at excelTestCases.ActitimeLogin.cleanUp1(ActitimeLogin.java:43)
at excelTestCases.ActitimeLogin.cleanUp1(ActitimeLogin.java:43)
at excelTestCases.ActitimeLogin.cleanUp1(ActitimeLogin.java:43)
at excelTestCases.ActitimeLogin.cleanUp1(ActitimeLogin.java:43)
at excelTestCases.ActitimeLogin.cleanUp1(ActitimeLogin.java:43)
at excelTestCases.ActitimeLogin.cleanUp1(ActitimeLogin.java:43)
at excelTestCases.ActitimeLogin.cleanUp1(ActitimeLogin.java:43)
at excelTestCases.ActitimeLogin.cleanUp1(ActitimeLogin.java:43)
at excelTestCases.ActitimeLogin.cleanUp1(ActitimeLogin.java:43)
at excelTestCases.ActitimeLogin.cleanUp1(ActitimeLogin.java:43)
at excelTestCases.ActitimeLogin.cleanUp1(ActitimeLogin.java:43)
at excelTestCases.ActitimeLogin.cleanUp1(ActitimeLogin.java:43)
at excelTestCases.ActitimeLogin.cleanUp1(ActitimeLogin.java:43)
at excelTestCases.ActitimeLogin.cleanUp1(ActitimeLogin.java:43)
at excelTestCases.ActitimeLogin.cleanUp1(ActitimeLogin.java:43)
at excelTestCases.ActitimeLogin.cleanUp1(ActitimeLogin.java:43)
at excelTestCases.ActitimeLogin.cleanUp1(ActitimeLogin.java:43)
at excelTestCases.ActitimeLogin.cleanUp1(ActitimeLogin.java:43)
at excelTestCases.ActitimeLogin.cleanUp1(ActitimeLogin.java:43)
at excelTestCases.ActitimeLogin.cleanUp1(ActitimeLogin.java:43)
at excelTestCases.ActitimeLogin.cleanUp1(ActitimeLogin.java:43)
at excelTestCases.ActitimeLogin.cleanUp1(ActitimeLogin.java:43)
at excelTestCases.ActitimeLogin.cleanUp1(ActitimeLogin.java:43)
at excelTestCases.ActitimeLogin.cleanUp1(ActitimeLogin.java:43)
at excelTestCases.ActitimeLogin.cleanUp1(ActitimeLogin.java:43)
at excelTestCases.ActitimeLogin.cleanUp1(ActitimeLogin.java:43)
at excelTestCases.ActitimeLogin.cleanUp1(ActitimeLogin.java:43)
at excelTestCases.ActitimeLogin.cleanUp1(ActitimeLogin.java:43)
at excelTestCases.ActitimeLogin.cleanUp1(ActitimeLogin.java:43)
at excelTestCases.ActitimeLogin.cleanUp1(ActitimeLogin.java:43)
at excelTestCases.ActitimeLogin.cleanUp1(ActitimeLogin.java:43)
at excelTestCases.ActitimeLogin.cleanUp1(ActitimeLogin.java:43)
at excelTestCases.ActitimeLogin.cleanUp1(ActitimeLogin.java:43)
at excelTestCases.ActitimeLogin.cleanUp1(ActitimeLogin.java:43)
at excelTestCases.ActitimeLogin.cleanUp1(ActitimeLogin.java:43)
at excelTestCases.ActitimeLogin.cleanUp1(ActitimeLogin.java:43)
at excelTestCases.ActitimeLogin.cleanUp1(ActitimeLogin.java:43)
at excelTestCases.ActitimeLogin.cleanUp1(ActitimeLogin.java:43)
at excelTestCases.ActitimeLogin.cleanUp1(ActitimeLogin.java:43)
at excelTestCases.ActitimeLogin.cleanUp1(ActitimeLogin.java:43)
at excelTestCases.ActitimeLogin.cleanUp1(ActitimeLogin.java:43)
at excelTestCases.ActitimeLogin.cleanUp1(ActitimeLogin.java:43)
at excelTestCases.ActitimeLogin.cleanUp1(ActitimeLogin.java:43)
at excelTestCases.ActitimeLogin.cleanUp1(ActitimeLogin.java:43)
at excelTestCases.ActitimeLogin.cleanUp1(ActitimeLogin.java:43)
at excelTestCases.ActitimeLogin.cleanUp1(ActitimeLogin.java:43)
at excelTestCases.ActitimeLogin.cleanUp1(ActitimeLogin.java:43)
at excelTestCases.ActitimeLogin.cleanUp1(ActitimeLogin.java:43)
at excelTestCases.ActitimeLogin.cleanUp1(ActitimeLogin.java:43)
at excelTestCases.ActitimeLogin.cleanUp1(ActitimeLogin.java:43)
at excelTestCases.ActitimeLogin.cleanUp1(ActitimeLogin.java:43)
at excelTestCases.ActitimeLogin.cleanUp1(ActitimeLogin.java:43)
at excelTestCases.ActitimeLogin.cleanUp1(ActitimeLogin.java:43)
at excelTestCases.ActitimeLogin.cleanUp1(ActitimeLogin.java:43)
at excelTestCases.ActitimeLogin.cleanUp1(ActitimeLogin.java:43)
at excelTestCases.ActitimeLogin.cleanUp1(ActitimeLogin.java:43)
at excelTestCases.ActitimeLogin.cleanUp1(ActitimeLogin.java:43)
at excelTestCases.ActitimeLogin.cleanUp1(ActitimeLogin.java:43)
at excelTestCases.ActitimeLogin.cleanUp1(ActitimeLogin.java:43)
at excelTestCases.ActitimeLogin.cleanUp1(ActitimeLogin.java:43)
at excelTestCases.ActitimeLogin.cleanUp1(ActitimeLogin.java:43)
at excelTestCases.ActitimeLogin.cleanUp1(ActitimeLogin.java:43)
at excelTestCases.ActitimeLogin.cleanUp1(ActitimeLogin.java:43)
at excelTestCases.ActitimeLogin.cleanUp1(ActitimeLogin.java:43)
at excelTestCases.ActitimeLogin.cleanUp1(ActitimeLogin.java:43)
at excelTestCases.ActitimeLogin.cleanUp1(ActitimeLogin.java:43)
at excelTestCases.ActitimeLogin.cleanUp1(ActitimeLogin.java:43)
at excelTestCases.ActitimeLogin.cleanUp1(ActitimeLogin.java:43)
at excelTestCases.ActitimeLogin.cleanUp1(ActitimeLogin.java:43)
at excelTestCases.ActitimeLogin.cleanUp1(ActitimeLogin.java:43)
at excelTestCases.ActitimeLogin.cleanUp1(ActitimeLogin.java:43)
at excelTestCases.ActitimeLogin.cleanUp1(ActitimeLogin.java:43)
at excelTestCases.ActitimeLogin.cleanUp1(ActitimeLogin.java:43)
at excelTestCases.ActitimeLogin.cleanUp1(ActitimeLogin.java:43)
at excelTestCases.ActitimeLogin.cleanUp1(ActitimeLogin.java:43)
at excelTestCases.ActitimeLogin.cleanUp1(ActitimeLogin.java:43)
at excelTestCases.ActitimeLogin.cleanUp1(ActitimeLogin.java:43)
at excelTestCases.ActitimeLogin.cleanUp1(ActitimeLogin.java:43)
at excelTestCases.ActitimeLogin.cleanUp1(ActitimeLogin.java:43)
at excelTestCases.ActitimeLogin.cleanUp1(ActitimeLogin.java:43)
at excelTestCases.ActitimeLogin.cleanUp1(ActitimeLogin.java:43)
at excelTestCases.ActitimeLogin.cleanUp1(ActitimeLogin.java:43)
at excelTestCases.ActitimeLogin.cleanUp1(ActitimeLogin.java:43)
at excelTestCases.ActitimeLogin.cleanUp1(ActitimeLogin.java:43)
at excelTestCases.ActitimeLogin.cleanUp1(ActitimeLogin.java:43)
at excelTestCases.ActitimeLogin.cleanUp1(ActitimeLogin.java:43)
at excelTestCases.ActitimeLogin.cleanUp1(ActitimeLogin.java:43)
at excelTestCases.ActitimeLogin.cleanUp1(ActitimeLogin.java:43)
at excelTestCases.ActitimeLogin.cleanUp1(ActitimeLogin.java:43)
at excelTestCases.ActitimeLogin.cleanUp1(ActitimeLogin.java:43)
at excelTestCases.ActitimeLogin.cleanUp1(ActitimeLogin.java:43)
at excelTestCases.ActitimeLogin.cleanUp1(ActitimeLogin.java:43)
at excelTestCases.ActitimeLogin.cleanUp1(ActitimeLogin.java:43)
at excelTestCases.ActitimeLogin.cleanUp1(ActitimeLogin.java:43)
at excelTestCases.ActitimeLogin.cleanUp1(ActitimeLogin.java:43)
at excelTestCases.ActitimeLogin.cleanUp1(ActitimeLogin.java:43)
at excelTestCases.ActitimeLogin.cleanUp1(ActitimeLogin.java:43)
at excelTestCases.ActitimeLogin.cleanUp1(ActitimeLogin.java:43)
at excelTestCases.ActitimeLogin.cleanUp1(ActitimeLogin.java:43)
at excelTestCases.ActitimeLogin.cleanUp1(ActitimeLogin.java:43)
at excelTestCases.ActitimeLogin.cleanUp1(ActitimeLogin.java:43)
at excelTestCases.ActitimeLogin.cleanUp1(ActitimeLogin.java:43)
at excelTestCases.ActitimeLogin.cleanUp1(ActitimeLogin.java:43)
at excelTestCases.ActitimeLogin.cleanUp1(ActitimeLogin.java:43)
at excelTestCases.ActitimeLogin.cleanUp1(ActitimeLogin.java:43)
at excelTestCases.ActitimeLogin.cleanUp1(ActitimeLogin.java:43)
at excelTestCases.ActitimeLogin.cleanUp1(ActitimeLogin.java:43)
at excelTestCases.ActitimeLogin.cleanUp1(ActitimeLogin.java:43)
at excelTestCases.ActitimeLogin.cleanUp1(ActitimeLogin.java:43)
at excelTestCases.ActitimeLogin.cleanUp1(ActitimeLogin.java:43)
at excelTestCases.ActitimeLogin.cleanUp1(ActitimeLogin.java:43)
at excelTestCases.ActitimeLogin.cleanUp1(ActitimeLogin.java:43)
at excelTestCases.ActitimeLogin.cleanUp1(ActitimeLogin.java:43)
at excelTestCases.ActitimeLogin.cleanUp1(ActitimeLogin.java:43)
at excelTestCases.ActitimeLogin.cleanUp1(ActitimeLogin.java:43)
at excelTestCases.ActitimeLogin.cleanUp1(ActitimeLogin.java:43)
at excelTestCases.ActitimeLogin.cleanUp1(ActitimeLogin.java:43)
at excelTestCases.ActitimeLogin.cleanUp1(ActitimeLogin.java:43)
at excelTestCases.ActitimeLogin.cleanUp1(ActitimeLogin.java:43)
at excelTestCases.ActitimeLogin.cleanUp1(ActitimeLogin.java:43)
at excelTestCases.ActitimeLogin.cleanUp1(ActitimeLogin.java:43)
at excelTestCases.ActitimeLogin.cleanUp1(ActitimeLogin.java:43)
at excelTestCases.ActitimeLogin.cleanUp1(ActitimeLogin.java:43)
at excelTestCases.ActitimeLogin.cleanUp1(ActitimeLogin.java:43)
at excelTestCases.ActitimeLogin.cleanUp1(ActitimeLogin.java:43)
at excelTestCases.ActitimeLogin.cleanUp1(ActitimeLogin.java:43)
at excelTestCases.ActitimeLogin.cleanUp1(ActitimeLogin.java:43)
at excelTestCases.ActitimeLogin.cleanUp1(ActitimeLogin.java:43)
at excelTestCases.ActitimeLogin.cleanUp1(ActitimeLogin.java:43)
at excelTestCases.ActitimeLogin.cleanUp1(ActitimeLogin.java:43)
at excelTestCases.ActitimeLogin.cleanUp1(ActitimeLogin.java:43)
at excelTestCases.ActitimeLogin.cleanUp1(ActitimeLogin.java:43)
at excelTestCases.ActitimeLogin.cleanUp1(ActitimeLogin.java:43)
at excelTestCases.ActitimeLogin.cleanUp1(ActitimeLogin.java:43)
at excelTestCases.ActitimeLogin.cleanUp1(ActitimeLogin.java:43)
at excelTestCases.ActitimeLogin.cleanUp1(ActitimeLogin.java:43)
at excelTestCases.ActitimeLogin.cleanUp1(ActitimeLogin.java:43)
at excelTestCases.ActitimeLogin.cleanUp1(ActitimeLogin.java:43)
at excelTestCases.ActitimeLogin.cleanUp1(ActitimeLogin.java:43)
at excelTestCases.ActitimeLogin.cleanUp1(ActitimeLogin.java:43)
at excelTestCases.ActitimeLogin.cleanUp1(ActitimeLogin.java:43)
at excelTestCases.ActitimeLogin.cleanUp1(ActitimeLogin.java:43)
at excelTestCases.ActitimeLogin.cleanUp1(ActitimeLogin.java:43)
at excelTestCases.ActitimeLogin.cleanUp1(ActitimeLogin.java:43)
at excelTestCases.ActitimeLogin.cleanUp1(ActitimeLogin.java:43)
at excelTestCases.ActitimeLogin.cleanUp1(ActitimeLogin.java:43)
at excelTestCases.ActitimeLogin.cleanUp1(ActitimeLogin.java:43)
at excelTestCases.ActitimeLogin.cleanUp1(ActitimeLogin.java:43)
at excelTestCases.ActitimeLogin.cleanUp1(ActitimeLogin.java:43)
at excelTestCases.ActitimeLogin.cleanUp1(ActitimeLogin.java:43)
at excelTestCases.ActitimeLogin.cleanUp1(ActitimeLogin.java:43)
at excelTestCases.ActitimeLogin.cleanUp1(ActitimeLogin.java:43)
at excelTestCases.ActitimeLogin.cleanUp1(ActitimeLogin.java:43)
at excelTestCases.ActitimeLogin.cleanUp1(ActitimeLogin.java:43)
at excelTestCases.ActitimeLogin.cleanUp1(ActitimeLogin.java:43)
at excelTestCases.ActitimeLogin.cleanUp1(ActitimeLogin.java:43)
at excelTestCases.ActitimeLogin.cleanUp1(ActitimeLogin.java:43)
at excelTestCases.ActitimeLogin.cleanUp1(ActitimeLogin.java:43)
at excelTestCases.ActitimeLogin.cleanUp1(ActitimeLogin.java:43)
at excelTestCases.ActitimeLogin.cleanUp1(ActitimeLogin.java:43)
at excelTestCases.ActitimeLogin.cleanUp1(ActitimeLogin.java:43)
at excelTestCases.ActitimeLogin.cleanUp1(ActitimeLogin.java:43)
at excelTestCases.ActitimeLogin.cleanUp1(ActitimeLogin.java:43)
at excelTestCases.ActitimeLogin.cleanUp1(ActitimeLogin.java:43)
at excelTestCases.ActitimeLogin.cleanUp1(ActitimeLogin.java:43)
at excelTestCases.ActitimeLogin.cleanUp1(ActitimeLogin.java:43)
at excelTestCases.ActitimeLogin.cleanUp1(ActitimeLogin.java:43)
at excelTestCases.ActitimeLogin.cleanUp1(ActitimeLogin.java:43)
at excelTestCases.ActitimeLogin.cleanUp1(ActitimeLogin.java:43)
at excelTestCases.ActitimeLogin.cleanUp1(ActitimeLogin.java:43)
at excelTestCases.ActitimeLogin.cleanUp1(ActitimeLogin.java:43)
at excelTestCases.ActitimeLogin.cleanUp1(ActitimeLogin.java:43)
at excelTestCases.ActitimeLogin.cleanUp1(ActitimeLogin.java:43)
at excelTestCases.ActitimeLogin.cleanUp1(ActitimeLogin.java:43)
at excelTestCases.ActitimeLogin.cleanUp1(ActitimeLogin.java:43)
at excelTestCases.ActitimeLogin.cleanUp1(ActitimeLogin.java:43)
at excelTestCases.ActitimeLogin.cleanUp1(ActitimeLogin.java:43)
at excelTestCases.ActitimeLogin.cleanUp1(ActitimeLogin.java:43)
at excelTestCases.ActitimeLogin.cleanUp1(ActitimeLogin.java:43)
at excelTestCases.ActitimeLogin.cleanUp1(ActitimeLogin.java:43)
at excelTestCases.ActitimeLogin.cleanUp1(ActitimeLogin.java:43)
at excelTestCases.ActitimeLogin.cleanUp1(ActitimeLogin.java:43)
at excelTestCases.ActitimeLogin.cleanUp1(ActitimeLogin.java:43)
at excelTestCases.ActitimeLogin.cleanUp1(ActitimeLogin.java:43)
at excelTestCases.ActitimeLogin.cleanUp1(ActitimeLogin.java:43)
at excelTestCases.ActitimeLogin.cleanUp1(ActitimeLogin.java:43)
at excelTestCases.ActitimeLogin.cleanUp1(ActitimeLogin.java:43)
at excelTestCases.ActitimeLogin.cleanUp1(ActitimeLogin.java:43)
at excelTestCases.ActitimeLogin.cleanUp1(ActitimeLogin.java:43)
at excelTestCases.ActitimeLogin.cleanUp1(ActitimeLogin.java:43)
at excelTestCases.ActitimeLogin.cleanUp1(ActitimeLogin.java:43)
at excelTestCases.ActitimeLogin.cleanUp1(ActitimeLogin.java:43)
at excelTestCases.ActitimeLogin.cleanUp1(ActitimeLogin.java:43)
at excelTestCases.ActitimeLogin.cleanUp1(ActitimeLogin.java:43)
at excelTestCases.ActitimeLogin.cleanUp1(ActitimeLogin.java:43)
at excelTestCases.ActitimeLogin.cleanUp1(ActitimeLogin.java:43)
at excelTestCases.ActitimeLogin.cleanUp1(ActitimeLogin.java:43)
at excelTestCases.ActitimeLogin.cleanUp1(ActitimeLogin.java:43)
at excelTestCases.ActitimeLogin.cleanUp1(ActitimeLogin.java:43)
at excelTestCases.ActitimeLogin.cleanUp1(ActitimeLogin.java:43)
at excelTestCases.ActitimeLogin.cleanUp1(ActitimeLogin.java:43)
at excelTestCases.ActitimeLogin.cleanUp1(ActitimeLogin.java:43)
at excelTestCases.ActitimeLogin.cleanUp1(ActitimeLogin.java:43)
at excelTestCases.ActitimeLogin.cleanUp1(ActitimeLogin.java:43)
at excelTestCases.ActitimeLogin.cleanUp1(ActitimeLogin.java:43)
at excelTestCases.ActitimeLogin.cleanUp1(ActitimeLogin.java:43)
at excelTestCases.ActitimeLogin.cleanUp1(ActitimeLogin.java:43)
at excelTestCases.ActitimeLogin.cleanUp1(ActitimeLogin.java:43)
at excelTestCases.ActitimeLogin.cleanUp1(ActitimeLogin.java:43)
at excelTestCases.ActitimeLogin.cleanUp1(ActitimeLogin.java:43)
at excelTestCases.ActitimeLogin.cleanUp1(ActitimeLogin.java:43)
at excelTestCases.ActitimeLogin.cleanUp1(ActitimeLogin.java:43)
at excelTestCases.ActitimeLogin.cleanUp1(ActitimeLogin.java:43)
at excelTestCases.ActitimeLogin.cleanUp1(ActitimeLogin.java:43)
at excelTestCases.ActitimeLogin.cleanUp1(ActitimeLogin.java:43)
at excelTestCases.ActitimeLogin.cleanUp1(ActitimeLogin.java:43)
at excelTestCases.ActitimeLogin.cleanUp1(ActitimeLogin.java:43)
at excelTestCases.ActitimeLogin.cleanUp1(ActitimeLogin.java:43)
at excelTestCases.ActitimeLogin.cleanUp1(ActitimeLogin.java:43)
at excelTestCases.ActitimeLogin.cleanUp1(ActitimeLogin.java:43)
at excelTestCases.ActitimeLogin.cleanUp1(ActitimeLogin.java:43)
at excelTestCases.ActitimeLogin.cleanUp1(ActitimeLogin.java:43)
at excelTestCases.ActitimeLogin.cleanUp1(ActitimeLogin.java:43)
at excelTestCases.ActitimeLogin.cleanUp1(ActitimeLogin.java:43)
at excelTestCases.ActitimeLogin.cleanUp1(ActitimeLogin.java:43)
at excelTestCases.ActitimeLogin.cleanUp1(ActitimeLogin.java:43)
at excelTestCases.ActitimeLogin.cleanUp1(ActitimeLogin.java:43)
at excelTestCases.ActitimeLogin.cleanUp1(ActitimeLogin.java:43)
at excelTestCases.ActitimeLogin.cleanUp1(ActitimeLogin.java:43)
at excelTestCases.ActitimeLogin.cleanUp1(ActitimeLogin.java:43)
at excelTestCases.ActitimeLogin.cleanUp1(ActitimeLogin.java:43)
at excelTestCases.ActitimeLogin.cleanUp1(ActitimeLogin.java:43)
at excelTestCases.ActitimeLogin.cleanUp1(ActitimeLogin.java:43)
at excelTestCases.ActitimeLogin.cleanUp1(ActitimeLogin.java:43)
at excelTestCases.ActitimeLogin.cleanUp1(ActitimeLogin.java:43)
at excelTestCases.ActitimeLogin.cleanUp1(ActitimeLogin.java:43)
at excelTestCases.ActitimeLogin.cleanUp1(ActitimeLogin.java:43)
at excelTestCases.ActitimeLogin.cleanUp1(ActitimeLogin.java:43)
at excelTestCases.ActitimeLogin.cleanUp1(ActitimeLogin.java:43)
at excelTestCases.ActitimeLogin.cleanUp1(ActitimeLogin.java:43)
at excelTestCases.ActitimeLogin.cleanUp1(ActitimeLogin.java:43)
at excelTestCases.ActitimeLogin.cleanUp1(ActitimeLogin.java:43)
at excelTestCases.ActitimeLogin.cleanUp1(ActitimeLogin.java:43)
at excelTestCases.ActitimeLogin.cleanUp1(ActitimeLogin.java:43)
at excelTestCases.ActitimeLogin.cleanUp1(ActitimeLogin.java:43)
at excelTestCases.ActitimeLogin.cleanUp1(ActitimeLogin.java:43)
at excelTestCases.ActitimeLogin.cleanUp1(ActitimeLogin.java:43)
at excelTestCases.ActitimeLogin.cleanUp1(ActitimeLogin.java:43)
at excelTestCases.ActitimeLogin.cleanUp1(ActitimeLogin.java:43)
at excelTestCases.ActitimeLogin.cleanUp1(ActitimeLogin.java:43)
at excelTestCases.ActitimeLogin.cleanUp1(ActitimeLogin.java:43)
at excelTestCases.ActitimeLogin.cleanUp1(ActitimeLogin.java:43)
at excelTestCases.ActitimeLogin.cleanUp1(ActitimeLogin.java:43)
at excelTestCases.ActitimeLogin.cleanUp1(ActitimeLogin.java:43)
at excelTestCases.ActitimeLogin.cleanUp1(ActitimeLogin.java:43)
at excelTestCases.ActitimeLogin.cleanUp1(ActitimeLogin.java:43)
at excelTestCases.ActitimeLogin.cleanUp1(ActitimeLogin.java:43)
at excelTestCases.ActitimeLogin.cleanUp1(ActitimeLogin.java:43)
at excelTestCases.ActitimeLogin.cleanUp1(ActitimeLogin.java:43)
at excelTestCases.ActitimeLogin.cleanUp1(ActitimeLogin.java:43)
at excelTestCases.ActitimeLogin.cleanUp1(ActitimeLogin.java:43)
at excelTestCases.ActitimeLogin.cleanUp1(ActitimeLogin.java:43)
at excelTestCases.ActitimeLogin.cleanUp1(ActitimeLogin.java:43)
at excelTestCases.ActitimeLogin.cleanUp1(ActitimeLogin.java:43)
at excelTestCases.ActitimeLogin.cleanUp1(ActitimeLogin.java:43)
at excelTestCases.ActitimeLogin.cleanUp1(ActitimeLogin.java:43)
at excelTestCases.ActitimeLogin.cleanUp1(ActitimeLogin.java:43)
at excelTestCases.ActitimeLogin.cleanUp1(ActitimeLogin.java:43)
at excelTestCases.ActitimeLogin.cleanUp1(ActitimeLogin.java:43)
at excelTestCases.ActitimeLogin.cleanUp1(ActitimeLogin.java:43)
at excelTestCases.ActitimeLogin.cleanUp1(ActitimeLogin.java:43)
at excelTestCases.ActitimeLogin.cleanUp1(ActitimeLogin.java:43)
at excelTestCases.ActitimeLogin.cleanUp1(ActitimeLogin.java:43)
at excelTestCases.ActitimeLogin.cleanUp1(ActitimeLogin.java:43)
at excelTestCases.ActitimeLogin.cleanUp1(ActitimeLogin.java:43)
at excelTestCases.ActitimeLogin.cleanUp1(ActitimeLogin.java:43)
at excelTestCases.ActitimeLogin.cleanUp1(ActitimeLogin.java:43)
at excelTestCases.ActitimeLogin.cleanUp1(ActitimeLogin.java:43)
at excelTestCases.ActitimeLogin.cleanUp1(ActitimeLogin.java:43)
at excelTestCases.ActitimeLogin.cleanUp1(ActitimeLogin.java:43)
at excelTestCases.ActitimeLogin.cleanUp1(ActitimeLogin.java:43)
at excelTestCases.ActitimeLogin.cleanUp1(ActitimeLogin.java:43)
at excelTestCases.ActitimeLogin.cleanUp1(ActitimeLogin.java:43)
at excelTestCases.ActitimeLogin.cleanUp1(ActitimeLogin.java:43)
at excelTestCases.ActitimeLogin.cleanUp1(ActitimeLogin.java:43)
at excelTestCases.ActitimeLogin.cleanUp1(ActitimeLogin.java:43)
at excelTestCases.ActitimeLogin.cleanUp1(ActitimeLogin.java:43)
at excelTestCases.ActitimeLogin.cleanUp1(ActitimeLogin.java:43)
at excelTestCases.ActitimeLogin.cleanUp1(ActitimeLogin.java:43)
at excelTestCases.ActitimeLogin.cleanUp1(ActitimeLogin.java:43)
at excelTestCases.ActitimeLogin.cleanUp1(ActitimeLogin.java:43)
at excelTestCases.ActitimeLogin.cleanUp1(ActitimeLogin.java:43)
at excelTestCases.ActitimeLogin.cleanUp1(ActitimeLogin.java:43)
at excelTestCases.ActitimeLogin.cleanUp1(ActitimeLogin.java:43)
at excelTestCases.ActitimeLogin.cleanUp1(ActitimeLogin.java:43)
at excelTestCases.ActitimeLogin.cleanUp1(ActitimeLogin.java:43)
at excelTestCases.ActitimeLogin.cleanUp1(ActitimeLogin.java:43)
at excelTestCases.ActitimeLogin.cleanUp1(ActitimeLogin.java:43)
at excelTestCases.ActitimeLogin.cleanUp1(ActitimeLogin.java:43)
at excelTestCases.ActitimeLogin.cleanUp1(ActitimeLogin.java:43)
at excelTestCases.ActitimeLogin.cleanUp1(ActitimeLogin.java:43)
at excelTestCases.ActitimeLogin.cleanUp1(ActitimeLogin.java:43)
at excelTestCases.ActitimeLogin.cleanUp1(ActitimeLogin.java:43)
at excelTestCases.ActitimeLogin.cleanUp1(ActitimeLogin.java:43)
at excelTestCases.ActitimeLogin.cleanUp1(ActitimeLogin.java:43)
at excelTestCases.ActitimeLogin.cleanUp1(ActitimeLogin.java:43)
at excelTestCases.ActitimeLogin.cleanUp1(ActitimeLogin.java:43)
at excelTestCases.ActitimeLogin.cleanUp1(ActitimeLogin.java:43)
at excelTestCases.ActitimeLogin.cleanUp1(ActitimeLogin.java:43)
at excelTestCases.ActitimeLogin.cleanUp1(ActitimeLogin.java:43)
at excelTestCases.ActitimeLogin.cleanUp1(ActitimeLogin.java:43)
at excelTestCases.ActitimeLogin.cleanUp1(ActitimeLogin.java:43)
at excelTestCases.ActitimeLogin.cleanUp1(ActitimeLogin.java:43)
at excelTestCases.ActitimeLogin.cleanUp1(ActitimeLogin.java:43)
at excelTestCases.ActitimeLogin.cleanUp1(ActitimeLogin.java:43)
at excelTestCases.ActitimeLogin.cleanUp1(ActitimeLogin.java:43)
at excelTestCases.ActitimeLogin.cleanUp1(ActitimeLogin.java:43)
at excelTestCases.ActitimeLogin.cleanUp1(ActitimeLogin.java:43)
at excelTestCases.ActitimeLogin.cleanUp1(ActitimeLogin.java:43)
at excelTestCases.ActitimeLogin.cleanUp1(ActitimeLogin.java:43)
at excelTestCases.ActitimeLogin.cleanUp1(ActitimeLogin.java:43)
at excelTestCases.ActitimeLogin.cleanUp1(ActitimeLogin.java:43)
at excelTestCases.ActitimeLogin.cleanUp1(ActitimeLogin.java:43)
at excelTestCases.ActitimeLogin.cleanUp1(ActitimeLogin.java:43)
at excelTestCases.ActitimeLogin.cleanUp1(ActitimeLogin.java:43)
at excelTestCases.ActitimeLogin.cleanUp1(ActitimeLogin.java:43)
at excelTestCases.ActitimeLogin.cleanUp1(ActitimeLogin.java:43)
at excelTestCases.ActitimeLogin.cleanUp1(ActitimeLogin.java:43)
at excelTestCases.ActitimeLogin.cleanUp1(ActitimeLogin.java:43)
at excelTestCases.ActitimeLogin.cleanUp1(ActitimeLogin.java:43)
at excelTestCases.ActitimeLogin.cleanUp1(ActitimeLogin.java:43)
at excelTestCases.ActitimeLogin.cleanUp1(ActitimeLogin.java:43)
at excelTestCases.ActitimeLogin.cleanUp1(ActitimeLogin.java:43)
at excelTestCases.ActitimeLogin.cleanUp1(ActitimeLogin.java:43)
at excelTestCases.ActitimeLogin.cleanUp1(ActitimeLogin.java:43)
at excelTestCases.ActitimeLogin.cleanUp1(ActitimeLogin.java:43)
at excelTestCases.ActitimeLogin.cleanUp1(ActitimeLogin.java:43)
at excelTestCases.ActitimeLogin.cleanUp1(ActitimeLogin.java:43)
at excelTestCases.ActitimeLogin.cleanUp1(ActitimeLogin.java:43)
at excelTestCases.ActitimeLogin.cleanUp1(ActitimeLogin.java:43)
at java.base/jdk.internal.reflect.NativeMethodAccessorImpl.invoke0(Native Method)
at java.base/jdk.internal.reflect.NativeMethodAccessorImpl.invoke(NativeMethodAccessorImpl.java:77)
at java.base/jdk.internal.reflect.DelegatingMethodAccessorImpl.invoke(DelegatingMethodAccessorImpl.java:43)
at java.base/java.lang.reflect.Method.invoke(Method.java:568)
at org.testng.internal.invokers.MethodInvocationHelper.invokeMethod(MethodInvocationHelper.java:139)
at org.testng.internal.invokers.MethodInvocationHelper.invokeMethodConsideringTimeout(MethodInvocationHelper.java:69)
at org.testng.internal.invokers.ConfigInvoker.invokeConfigurationMethod(ConfigInvoker.java:390)
at org.testng.internal.invokers.ConfigInvoker.invokeConfigurations(ConfigInvoker.java:325)
at org.testng.internal.invokers.TestInvoker.runConfigMethods(TestInvoker.java:810)
at org.testng.internal.invokers.TestInvoker.runAfterConfigurations(TestInvoker.java:779)
at org.testng.internal.invokers.TestInvoker.invokeMethod(TestInvoker.java:755)
at org.testng.internal.invokers.TestInvoker.invokeTestMethod(TestInvoker.java:227)
at org.testng.internal.invokers.MethodRunner.runInSequence(MethodRunner.java:50)
at org.testng.internal.invokers.TestInvoker$MethodInvocationAgent.invoke(TestInvoker.java:957)
at org.testng.internal.invokers.TestInvoker.invokeTestMethods(TestInvoker.java:200)
at org.testng.internal.invokers.TestMethodWorker.invokeTestMethods(TestMethodWorker.java:148)
at org.testng.internal.invokers.TestMethodWorker.run(TestMethodWorker.java:128)
at java.base/java.util.ArrayList.forEach(ArrayList.java:1511)
at org.testng.TestRunner.privateRun(TestRunner.java:848)
at org.testng.TestRunner.run(TestRunner.java:621)
at org.testng.SuiteRunner.runTest(SuiteRunner.java:443)
at org.testng.SuiteRunner.runSequentially(SuiteRunner.java:437)
at org.testng.SuiteRunner.privateRun(SuiteRunner.java:397)
at org.testng.SuiteRunner.run(SuiteRunner.java:336)
at org.testng.SuiteRunnerWorker.runSuite(SuiteRunnerWorker.java:52)
at org.testng.SuiteRunnerWorker.run(SuiteRunnerWorker.java:95)
at org.testng.TestNG.runSuitesSequentially(TestNG.java:1280)
at org.testng.TestNG.runSuitesLocally(TestNG.java:1200)
at org.testng.TestNG.runSuites(TestNG.java:1114)
at org.testng.TestNG.run(TestNG.java:1082)
at org.testng.remote.AbstractRemoteTestNG.run(AbstractRemoteTestNG.java:115)
at org.testng.remote.RemoteTestNG.initAndRun(RemoteTestNG.java:251)
at org.testng.remote.RemoteTestNG.main(RemoteTestNG.java:77)
]]>
    </error>
  </testcase> <!-- cleanUp1 -->
  <testcase classname="excelTestCases.ActitimeLogin" name="testActitimeLogin" time="56.395"/>
</testsuite> <!-- excelTestCases.ActitimeLogin -->
