<?xml version="1.0" encoding="UTF-8"?>
<!-- Generated by org.testng.reporters.JUnitReportReporter -->
<testsuite hostname="DESKTOP-O7EBPNU" failures="0" tests="5" name="advancedTesting.GroupExample2" time="0.056" errors="0" timestamp="2023-10-13T14:17:23 PDT" skipped="0">
  <testcase classname="advancedTesting.GroupExample2" name="testLogin" time="0.005"/>
  <testcase classname="advancedTesting.GroupExample2" name="testPIM" time="0.016"/>
  <testcase classname="advancedTesting.GroupExample2" name="testLeads" time="0.025"/>
  <testcase classname="advancedTesting.GroupExample2" name="testTask" time="0.006"/>
  <testcase classname="advancedTesting.GroupExample2" name="testSignIn" time="0.004"/>
</testsuite> <!-- advancedTesting.GroupExample2 -->
