<?xml version="1.0" encoding="UTF-8"?>
<!-- Generated by org.testng.reporters.JUnitReportReporter -->
<testsuite hostname="DESKTOP-O7EBPNU" failures="0" tests="1" name="extendReports.ExtentReport1" time="29.984" errors="0" timestamp="2023-10-13T16:58:40 PDT" skipped="0">
  <testcase classname="extendReports.ExtentReport1" name="extendReportsDemo" time="29.984"/>
</testsuite> <!-- extendReports.ExtentReport1 -->
