<?xml version="1.0" encoding="UTF-8"?>
<!-- Generated by org.testng.reporters.JUnitReportReporter -->
<testsuite hostname="DESKTOP-O7EBPNU" failures="0" tests="4" name="testscripts.TestOrangeHrmCreateUpdateDelete" time="51.903" errors="0" timestamp="2023-10-16T01:32:15 PDT" skipped="0">
  <testcase classname="testscripts.TestOrangeHrmCreateUpdateDelete" name="testLoginLogout" time="9.256"/>
  <testcase classname="testscripts.TestOrangeHrmCreateUpdateDelete" name="testClickPIM" time="20.698"/>
  <testcase classname="testscripts.TestOrangeHrmCreateUpdateDelete" name="testClickPersonalDetails" time="8.406"/>
  <testcase classname="testscripts.TestOrangeHrmCreateUpdateDelete" name="testClickDeleteRecord" time="13.543"/>
</testsuite> <!-- testscripts.TestOrangeHrmCreateUpdateDelete -->
