<?xml version="1.0" encoding="UTF-8"?>
<!-- Generated by org.testng.reporters.JUnitReportReporter -->
<testsuite hostname="DESKTOP-O7EBPNU" failures="0" tests="5" name="advancedTesting.GroupExample" time="0.040" errors="0" timestamp="2023-10-13T14:17:23 PDT" skipped="0">
  <testcase classname="advancedTesting.GroupExample" name="testCaseThree" time="0.008"/>
  <testcase classname="advancedTesting.GroupExample" name="testCaseFour" time="0.008"/>
  <testcase classname="advancedTesting.GroupExample" name="testCaseOne" time="0.010"/>
  <testcase classname="advancedTesting.GroupExample" name="testCaseFive" time="0.010"/>
  <testcase classname="advancedTesting.GroupExample" name="testCaseTwo" time="0.004"/>
</testsuite> <!-- advancedTesting.GroupExample -->
