<?xml version="1.0" encoding="UTF-8"?>
<!-- Generated by org.testng.reporters.JUnitReportReporter -->
<testsuite hostname="DESKTOP-O7EBPNU" failures="0" tests="4" name="vtigerbyusingutilities.VTigerBeforeAndAfterTest" time="35.236" errors="0" timestamp="2023-10-07T21:01:39 PDT" skipped="0">
  <testcase classname="vtigerbyusingutilities.VTigerBeforeAndAfterTest" name="usernameFeild" time="1.797"/>
  <testcase classname="vtigerbyusingutilities.VTigerBeforeAndAfterTest" name="passwordFeild" time="1.331"/>
  <testcase classname="vtigerbyusingutilities.VTigerBeforeAndAfterTest" name="loginButton" time="23.309"/>
  <testcase classname="vtigerbyusingutilities.VTigerBeforeAndAfterTest" name="vtigerLogOutButton" time="8.799"/>
</testsuite> <!-- vtigerbyusingutilities.VTigerBeforeAndAfterTest -->
