<?xml version="1.0" encoding="UTF-8"?>
<!-- Generated by org.testng.reporters.JUnitReportReporter -->
<testsuite hostname="DESKTOP-O7EBPNU" failures="0" tests="1" name="swagdemo.SwagDemoValidation" time="41.668" errors="0" timestamp="2023-10-09T14:45:08 PDT" skipped="0">
  <testcase classname="swagdemo.SwagDemoValidation" name="swagProductAdding" time="41.668"/>
</testsuite> <!-- swagdemo.SwagDemoValidation -->
