<?xml version="1.0" encoding="UTF-8"?>
<!-- Generated by org.testng.reporters.JUnitReportReporter -->
<testsuite hostname="DESKTOP-O7EBPNU" failures="0" tests="3" name="advancedTesting.IncludeAndExcludeTestMethods" time="0.031" errors="0" timestamp="2023-10-13T14:17:23 PDT" skipped="0">
  <testcase classname="advancedTesting.IncludeAndExcludeTestMethods" name="addDepartmentTestCase" time="0.006"/>
  <testcase classname="advancedTesting.IncludeAndExcludeTestMethods" name="addLocationTestCase" time="0.009"/>
  <testcase classname="advancedTesting.IncludeAndExcludeTestMethods" name="addEmployeeTestCase" time="0.016"/>
</testsuite> <!-- advancedTesting.IncludeAndExcludeTestMethods -->
