<?xml version="1.0" encoding="UTF-8"?>
<!-- Generated by org.testng.reporters.JUnitReportReporter -->
<testsuite hostname="DESKTOP-O7EBPNU" failures="0" tests="6" name="advancedTesting.DataProviderExample" time="68.588" errors="0" timestamp="2023-10-13T14:23:06 PDT" skipped="0">
  <testcase classname="advancedTesting.DataProviderExample" name="setData" time="0.018"/>
  <testcase classname="advancedTesting.DataProviderExample" name="testLoginOfVtiger" time="10.753"/>
  <testcase classname="advancedTesting.DataProviderExample" name="testLoginOfVtiger" time="22.323"/>
  <testcase classname="advancedTesting.DataProviderExample" name="testLoginOfVtiger" time="35.483"/>
  <testcase classname="advancedTesting.DataProviderExample" name="setData" time="0.005"/>
  <testcase classname="advancedTesting.DataProviderExample" name="setData" time="0.006"/>
</testsuite> <!-- advancedTesting.DataProviderExample -->
